Start testing: Jun 21 20:51 中国标准时间
----------------------------------------------------------
1/4 Testing: unittest_polynomial_1
1/4 Test: unittest_polynomial_1
Command: "C:/Users/XIAOCHUYANG/Desktop/cs100-hw10/out/build/x64-Debug/test/test_polynomial.exe" "C:/Users/XIAOCHUYANG/Desktop/cs100-hw10/data/p1.txt"
Directory: C:/Users/XIAOCHUYANG/Desktop/cs100-hw10/out/build/x64-Debug/test
"unittest_polynomial_1" start time: Jun 21 20:51 中国标准时间
Output:
----------------------------------------------------------
2.25
<end of output>
Test time =   0.26 sec
----------------------------------------------------------
Test Pass Reason:
Required regular expression found. Regex=[2.25]
"unittest_polynomial_1" end time: Jun 21 20:51 中国标准时间
"unittest_polynomial_1" time elapsed: 00:00:00
----------------------------------------------------------

2/4 Testing: unittest_polynomial_2
2/4 Test: unittest_polynomial_2
Command: "C:/Users/XIAOCHUYANG/Desktop/cs100-hw10/out/build/x64-Debug/test/test_polynomial.exe" "C:/Users/XIAOCHUYANG/Desktop/cs100-hw10/data/p2.txt"
Directory: C:/Users/XIAOCHUYANG/Desktop/cs100-hw10/out/build/x64-Debug/test
"unittest_polynomial_2" start time: Jun 21 20:51 中国标准时间
Output:
----------------------------------------------------------
0.75
<end of output>
Test time =   0.15 sec
----------------------------------------------------------
Test Pass Reason:
Required regular expression found. Regex=[0.75]
"unittest_polynomial_2" end time: Jun 21 20:51 中国标准时间
"unittest_polynomial_2" time elapsed: 00:00:00
----------------------------------------------------------

3/4 Testing: unittest_pol_func_1
3/4 Test: unittest_pol_func_1
Command: "C:/Users/XIAOCHUYANG/Desktop/cs100-hw10/out/build/x64-Debug/test/test_polynomial_function.exe" "C:/Users/XIAOCHUYANG/Desktop/cs100-hw10/data/"
Directory: C:/Users/XIAOCHUYANG/Desktop/cs100-hw10/out/build/x64-Debug/test
"unittest_pol_func_1" start time: Jun 21 20:51 中国标准时间
Output:
----------------------------------------------------------
3
<end of output>
Test time =   0.29 sec
----------------------------------------------------------
Test Pass Reason:
Required regular expression found. Regex=[3]
"unittest_pol_func_1" end time: Jun 21 20:51 中国标准时间
"unittest_pol_func_1" time elapsed: 00:00:00
----------------------------------------------------------

4/4 Testing: unittest_lambda_func_1
4/4 Test: unittest_lambda_func_1
Command: "C:/Users/XIAOCHUYANG/Desktop/cs100-hw10/out/build/x64-Debug/test/test_lambda_function.exe" "C:/Users/XIAOCHUYANG/Desktop/cs100-hw10/data/"
Directory: C:/Users/XIAOCHUYANG/Desktop/cs100-hw10/out/build/x64-Debug/test
"unittest_lambda_func_1" start time: Jun 21 20:51 中国标准时间
Output:
----------------------------------------------------------
1.6875
<end of output>
Test time =   2.92 sec
----------------------------------------------------------
Test Pass Reason:
Required regular expression found. Regex=[1.6875]
"unittest_lambda_func_1" end time: Jun 21 20:51 中国标准时间
"unittest_lambda_func_1" time elapsed: 00:00:02
----------------------------------------------------------

End testing: Jun 21 20:51 中国标准时间
